<?xml version="1.0" encoding="UTF-8"?>
<!-- Generated by org.testng.reporters.JUnitXMLReporter -->
<testsuite ignored="0" hostname="LAPTOP-GJ562UJB" failures="0" tests="1" name="Chrome Test" time="2.138" errors="0" timestamp="2023-07-31T16:28:01 IST">
  <testcase classname="com.ChromeTest" name="@BeforeTest Setup" time="2.091">
    <failure type="java.lang.NullPointerException" message="Cannot invoke &amp;quot;org.openqa.selenium.WebDriver.manage()&amp;quot; because &amp;quot;com.ChromeTest.driver&amp;quot; is null">
      <![CDATA[java.lang.NullPointerException: Cannot invoke "org.openqa.selenium.WebDriver.manage()" because "com.ChromeTest.driver" is null
at com.ChromeTest.Setup(ChromeTest.java:52)
... Removed 24 stack frames]]>
    </failure>
  </testcase> <!-- @BeforeTest Setup -->
  <testcase classname="com.ChromeTest" name="@AfterMethod checkStatus" time="0.0">
    <skipped/>
  </testcase> <!-- @AfterMethod checkStatus -->
  <testcase classname="com.ChromeTest" name="@AfterTest CloseProcess" time="0.0">
    <skipped/>
  </testcase> <!-- @AfterTest CloseProcess -->
  <testcase classname="com.ChromeTest" name="OpenFlipkartTest" time="0.0">
    <skipped/>
  </testcase> <!-- OpenFlipkartTest -->
</testsuite> <!-- Chrome Test -->
