<?xml version="1.0" encoding="UTF-8"?>
<!-- Generated by org.testng.reporters.JUnitXMLReporter -->
<testsuite ignored="0" hostname="LAPTOP-GJ562UJB" failures="0" tests="7" name="Edge Test" time="32.711" errors="0" timestamp="2023-07-31T16:26:06 IST">
  <testcase classname="com.EdgeTest" name="OpenFlipkartTest" time="0.0">
    <skipped/>
  </testcase> <!-- OpenFlipkartTest -->
  <testcase classname="com.EdgeTest" name="SearchingIphone13" time="0.0">
    <skipped/>
  </testcase> <!-- SearchingIphone13 -->
  <testcase classname="com.EdgeTest" name="ProductImagesLoadedTest" time="0.0">
    <skipped/>
  </testcase> <!-- ProductImagesLoadedTest -->
  <testcase classname="com.EdgeTest" name="ScrollAvailabilityTest" time="0.0">
    <skipped/>
  </testcase> <!-- ScrollAvailabilityTest -->
  <testcase classname="com.EdgeTest" name="ImagesVisibleOnScreenTest" time="0.0">
    <skipped/>
  </testcase> <!-- ImagesVisibleOnScreenTest -->
  <testcase classname="com.EdgeTest" name="scrollToBottomTest" time="0.0">
    <skipped/>
  </testcase> <!-- scrollToBottomTest -->
  <testcase classname="com.EdgeTest" name="checkContentRefreshFrequency" time="0.0">
    <skipped/>
  </testcase> <!-- checkContentRefreshFrequency -->
</testsuite> <!-- Edge Test -->
