<?xml version="1.0" encoding="UTF-8"?>
<!-- Generated by org.testng.reporters.JUnitXMLReporter -->
<testsuite ignored="0" hostname="LAPTOP-GJ562UJB" failures="0" tests="6" name="Chrome Test" time="39.754" errors="0" timestamp="2023-07-31T20:03:34 IST">
  <testcase classname="com.ChromeTest" name="OpenFlipkartTest" time="10.832"/>
  <testcase classname="com.ChromeTest" name="SearchingIphone13" time="5.0"/>
  <testcase classname="com.ChromeTest" name="ProductImagesLoadedTest" time="0.261"/>
  <testcase classname="com.ChromeTest" name="ScrollAvailabilityTest" time="2.266"/>
  <testcase classname="com.ChromeTest" name="scrollToBottomTest" time="2.307"/>
  <testcase classname="com.ChromeTest" name="checkContentRefreshFrequency" time="15.105"/>
</testsuite> <!-- Chrome Test -->
