<?xml version="1.0" encoding="UTF-8"?>
<!-- Generated by org.testng.reporters.JUnitXMLReporter -->
<testsuite ignored="0" hostname="LAPTOP-GJ562UJB" failures="0" tests="6" name="Edge Test" time="42.761" errors="0" timestamp="2023-07-31T20:36:56 IST">
  <testcase classname="com.EdgeTest" name="OpenFlipkartTest" time="12.867"/>
  <testcase classname="com.EdgeTest" name="SearchingIphone13" time="6.533"/>
  <testcase classname="com.EdgeTest" name="ProductImagesLoadedTest" time="0.211"/>
  <testcase classname="com.EdgeTest" name="ScrollAvailabilityTest" time="2.286"/>
  <testcase classname="com.EdgeTest" name="scrollToBottomTest" time="2.327"/>
  <testcase classname="com.EdgeTest" name="checkContentRefreshFrequency" time="15.091"/>
</testsuite> <!-- Edge Test -->
