<?xml version="1.0" encoding="UTF-8"?>
<!-- Generated by org.testng.reporters.JUnitXMLReporter -->
<testsuite ignored="0" hostname="LAPTOP-GJ562UJB" failures="0" tests="6" name="Edge Test" time="38.515" errors="0" timestamp="2023-07-31T20:04:13 IST">
  <testcase classname="com.EdgeTest" name="OpenFlipkartTest" time="10.929"/>
  <testcase classname="com.EdgeTest" name="SearchingIphone13" time="4.638"/>
  <testcase classname="com.EdgeTest" name="ProductImagesLoadedTest" time="0.229"/>
  <testcase classname="com.EdgeTest" name="ScrollAvailabilityTest" time="2.329"/>
  <testcase classname="com.EdgeTest" name="scrollToBottomTest" time="2.307"/>
  <testcase classname="com.EdgeTest" name="checkContentRefreshFrequency" time="15.078"/>
</testsuite> <!-- Edge Test -->
